<?xml version="1.0" encoding="UTF-8"?>
<!-- Generated by org.testng.reporters.JUnitReportReporter -->
<testsuite hostname="1MG-LPTP-729.local" failures="0" tests="2" name="tests.TestLogin" time="14.674" errors="0" timestamp="26 Jul 2018 12:10:33 GMT" skipped="0">
  <testcase classname="tests.TestLogin" name="verifyInvalidLogin" time="9.365"/>
  <testcase classname="tests.TestLogin" name="verifyLoginValidationChecks" time="5.309"/>
</testsuite> <!-- tests.TestLogin -->
